<?xml version="1.0" encoding="UTF-8"?>
<testng-results skipped="0" failed="0" ignored="0" total="1" passed="1">
  <reporter-output>
  </reporter-output>
  <suite name="Surefire suite" duration-ms="9702" started-at="2024-08-27T15:59:44Z" finished-at="2024-08-27T15:59:54Z">
    <groups>
      <group name="cucumber">
        <method signature="AbstractTestNGCucumberTests.runScenario(io.cucumber.testng.PickleWrapper, io.cucumber.testng.FeatureWrapper)[pri:0, instance:runner.RunTest@1e63ec0b]" name="runScenario" class="io.cucumber.testng.AbstractTestNGCucumberTests"/>
      </group> <!-- cucumber -->
    </groups>
    <test name="Surefire test" duration-ms="9702" started-at="2024-08-27T15:59:44Z" finished-at="2024-08-27T15:59:54Z">
      <class name="runner.RunTest">
        <test-method status="PASS" signature="setUpClass()[pri:0, instance:runner.RunTest@1e63ec0b]" name="setUpClass" is-config="true" duration-ms="407" started-at="2024-08-27T15:59:44Z" finished-at="2024-08-27T15:59:45Z">
          <reporter-output>
          </reporter-output>
        </test-method> <!-- setUpClass -->
        <test-method status="PASS" signature="runScenario(io.cucumber.testng.PickleWrapper, io.cucumber.testng.FeatureWrapper)[pri:0, instance:runner.RunTest@1e63ec0b]" name="runScenario" duration-ms="9248" started-at="2024-08-27T15:59:45Z" description="Runs Cucumber Scenarios" data-provider="scenarios" finished-at="2024-08-27T15:59:54Z">
          <params>
            <param index="0">
              <value>
                <![CDATA["Login functionality with valid username and valid password"]]>
              </value>
            </param>
            <param index="1">
              <value>
                <![CDATA["Login functionality"]]>
              </value>
            </param>
          </params>
          <reporter-output>
          </reporter-output>
        </test-method> <!-- runScenario -->
        <test-method status="PASS" signature="tearDownClass()[pri:0, instance:runner.RunTest@1e63ec0b]" name="tearDownClass" is-config="true" duration-ms="0" started-at="2024-08-27T15:59:54Z" finished-at="2024-08-27T15:59:54Z">
          <reporter-output>
          </reporter-output>
        </test-method> <!-- tearDownClass -->
      </class> <!-- runner.RunTest -->
    </test> <!-- Surefire test -->
  </suite> <!-- Surefire suite -->
</testng-results>
